# JRE version: 7.0_21-b11
# Java VM: Java HotSpot(TM) 64-Bit Server VM (23.21-b01 mixed mode windows-amd64 compressed oops)
Heap
 PSYoungGen      total 136512K, used 59375K [0x00000000eaab0000, 0x00000000f3bd0000, 0x0000000100000000)
  eden space 125952K, 46% used [0x00000000eaab0000,0x00000000ee3abc98,0x00000000f25b0000)
  from space 10560K, 9% used [0x00000000f3080000,0x00000000f3180010,0x00000000f3ad0000)
  to   space 11072K, 0% used [0x00000000f25b0000,0x00000000f25b0000,0x00000000f3080000)
 ParOldGen       total 84288K, used 14872K [0x00000000c0000000, 0x00000000c5250000, 0x00000000eaab0000)
  object space 84288K, 17% used [0x00000000c0000000,0x00000000c0e862c0,0x00000000c5250000)
 PSPermGen       total 25280K, used 25195K [0x00000000b0000000, 0x00000000b18b0000, 0x00000000c0000000)
  object space 25280K, 99% used [0x00000000b0000000,0x00000000b189ac28,0x00000000b18b0000)
GC Heap History (10 events):
Event: 26.843 GC heap before
{Heap before GC invocations=6 (full 0):
 PSYoungGen      total 36864K, used 36856K [0x00000000eaab0000, 0x00000000efcf0000, 0x0000000100000000)
  eden space 31616K, 100% used [0x00000000eaab0000,0x00000000ec990000,0x00000000ec990000)
  from space 5248K, 99% used [0x00000000ec990000,0x00000000eceae0f0,0x00000000eceb0000)
  to   space 10496K, 0% used [0x00000000ef2b0000,0x00000000ef2b0000,0x00000000efcf0000)
 ParOldGen       total 84288K, used 8854K [0x00000000c0000000, 0x00000000c5250000, 0x00000000eaab0000)
  object space 84288K, 10% used [0x00000000c0000000,0x00000000c08a5b60,0x00000000c5250000)
 PSPermGen       total 21440K, used 21275K [0x00000000b0000000, 0x00000000b14f0000, 0x00000000c0000000)
  object space 21440K, 99% used [0x00000000b0000000,0x00000000b14c6ca8,0x00000000b14f0000)
Event: 26.860 GC heap after
Heap after GC invocations=6 (full 0):
 PSYoungGen      total 73344K, used 5448K [0x00000000eaab0000, 0x00000000efc90000, 0x0000000100000000)
  eden space 63232K, 0% used [0x00000000eaab0000,0x00000000eaab0000,0x00000000ee870000)
  from space 10112K, 53% used [0x00000000ef2b0000,0x00000000ef8020e0,0x00000000efc90000)
  to   space 10304K, 0% used [0x00000000ee870000,0x00000000ee870000,0x00000000ef280000)
 ParOldGen       total 84288K, used 8854K [0x00000000c0000000, 0x00000000c5250000, 0x00000000eaab0000)
  object space 84288K, 10% used [0x00000000c0000000,0x00000000c08a5b60,0x00000000c5250000)
 PSPermGen       total 21440K, used 21275K [0x00000000b0000000, 0x00000000b14f0000, 0x00000000c0000000)
  object space 21440K, 99% used [0x00000000b0000000,0x00000000b14c6ca8,0x00000000b14f0000)
}
Event: 27.602 GC heap before
{Heap before GC invocations=7 (full 0):
 PSYoungGen      total 73344K, used 68680K [0x00000000eaab0000, 0x00000000efc90000, 0x0000000100000000)
  eden space 63232K, 100% used [0x00000000eaab0000,0x00000000ee870000,0x00000000ee870000)
  from space 10112K, 53% used [0x00000000ef2b0000,0x00000000ef8020e0,0x00000000efc90000)
  to   space 10304K, 0% used [0x00000000ee870000,0x00000000ee870000,0x00000000ef280000)
 ParOldGen       total 84288K, used 8854K [0x00000000c0000000, 0x00000000c5250000, 0x00000000eaab0000)
  object space 84288K, 10% used [0x00000000c0000000,0x00000000c08a5b60,0x00000000c5250000)
 PSPermGen       total 21440K, used 21294K [0x00000000b0000000, 0x00000000b14f0000, 0x00000000c0000000)
  object space 21440K, 99% used [0x00000000b0000000,0x00000000b14cb828,0x00000000b14f0000)
Event: 27.620 GC heap after
Heap after GC invocations=7 (full 0):
 PSYoungGen      total 73536K, used 3208K [0x00000000eaab0000, 0x00000000f3ad0000, 0x0000000100000000)
  eden space 63232K, 0% used [0x00000000eaab0000,0x00000000eaab0000,0x00000000ee870000)
  from space 10304K, 31% used [0x00000000ee870000,0x00000000eeb920e0,0x00000000ef280000)
  to   space 10560K, 0% used [0x00000000f3080000,0x00000000f3080000,0x00000000f3ad0000)
 ParOldGen       total 84288K, used 11304K [0x00000000c0000000, 0x00000000c5250000, 0x00000000eaab0000)
  object space 84288K, 13% used [0x00000000c0000000,0x00000000c0b0a270,0x00000000c5250000)
 PSPermGen       total 21440K, used 21294K [0x00000000b0000000, 0x00000000b14f0000, 0x00000000c0000000)
  object space 21440K, 99% used [0x00000000b0000000,0x00000000b14cb828,0x00000000b14f0000)
}
Event: 28.321 GC heap before
{Heap before GC invocations=8 (full 0):
 PSYoungGen      total 73536K, used 66440K [0x00000000eaab0000, 0x00000000f3ad0000, 0x0000000100000000)
  eden space 63232K, 100% used [0x00000000eaab0000,0x00000000ee870000,0x00000000ee870000)
  from space 10304K, 31% used [0x00000000ee870000,0x00000000eeb920e0,0x00000000ef280000)
  to   space 10560K, 0% used [0x00000000f3080000,0x00000000f3080000,0x00000000f3ad0000)
 ParOldGen       total 84288K, used 11304K [0x00000000c0000000, 0x00000000c5250000, 0x00000000eaab0000)
  object space 84288K, 13% used [0x00000000c0000000,0x00000000c0b0a270,0x00000000c5250000)
 PSPermGen       total 21440K, used 21315K [0x00000000b0000000, 0x00000000b14f0000, 0x00000000c0000000)
  object space 21440K, 99% used [0x00000000b0000000,0x00000000b14d0de0,0x00000000b14f0000)
Event: 28.335 GC heap after
Heap after GC invocations=8 (full 0):
 PSYoungGen      total 136512K, used 1056K [0x00000000eaab0000, 0x00000000f3bd0000, 0x0000000100000000)
  eden space 125952K, 0% used [0x00000000eaab0000,0x00000000eaab0000,0x00000000f25b0000)
  from space 10560K, 10% used [0x00000000f3080000,0x00000000f3188000,0x00000000f3ad0000)
  to   space 11072K, 0% used [0x00000000f25b0000,0x00000000f25b0000,0x00000000f3080000)
 ParOldGen       total 84288K, used 13936K [0x00000000c0000000, 0x00000000c5250000, 0x00000000eaab0000)
  object space 84288K, 16% used [0x00000000c0000000,0x00000000c0d9c2c0,0x00000000c5250000)
 PSPermGen       total 21440K, used 21315K [0x00000000b0000000, 0x00000000b14f0000, 0x00000000c0000000)
  object space 21440K, 99% used [0x00000000b0000000,0x00000000b14d0de0,0x00000000b14f0000)
}
Event: 29.803 GC heap before
{Heap before GC invocations=9 (full 0):
 PSYoungGen      total 136512K, used 127008K [0x00000000eaab0000, 0x00000000f3bd0000, 0x0000000100000000)
  eden space 125952K, 100% used [0x00000000eaab0000,0x00000000f25b0000,0x00000000f25b0000)
  from space 10560K, 10% used [0x00000000f3080000,0x00000000f3188000,0x00000000f3ad0000)
  to   space 11072K, 0% used [0x00000000f25b0000,0x00000000f25b0000,0x00000000f3080000)
 ParOldGen       total 84288K, used 13936K [0x00000000c0000000, 0x00000000c5250000, 0x00000000eaab0000)
  object space 84288K, 16% used [0x00000000c0000000,0x00000000c0d9c2c0,0x00000000c5250000)
 PSPermGen       total 21440K, used 21336K [0x00000000b0000000, 0x00000000b14f0000, 0x00000000c0000000)
  object space 21440K, 99% used [0x00000000b0000000,0x00000000b14d61f8,0x00000000b14f0000)
Event: 29.806 GC heap after
Heap after GC invocations=9 (full 0):
 PSYoungGen      total 137024K, used 1040K [0x00000000eaab0000, 0x00000000f3bd0000, 0x0000000100000000)
  eden space 125952K, 0% used [0x00000000eaab0000,0x00000000eaab0000,0x00000000f25b0000)
  from space 11072K, 9% used [0x00000000f25b0000,0x00000000f26b4010,0x00000000f3080000)
  to   space 10560K, 0% used [0x00000000f3080000,0x00000000f3080000,0x00000000f3ad0000)
 ParOldGen       total 84288K, used 14232K [0x00000000c0000000, 0x00000000c5250000, 0x00000000eaab0000)
  object space 84288K, 16% used [0x00000000c0000000,0x00000000c0de62c0,0x00000000c5250000)
 PSPermGen       total 21440K, used 21336K [0x00000000b0000000, 0x00000000b14f0000, 0x00000000c0000000)
  object space 21440K, 99% used [0x00000000b0000000,0x00000000b14d61f8,0x00000000b14f0000)
}
Event: 31.380 GC heap before
{Heap before GC invocations=10 (full 0):
 PSYoungGen      total 137024K, used 126992K [0x00000000eaab0000, 0x00000000f3bd0000, 0x0000000100000000)
  eden space 125952K, 100% used [0x00000000eaab0000,0x00000000f25b0000,0x00000000f25b0000)
  from space 11072K, 9% used [0x00000000f25b0000,0x00000000f26b4010,0x00000000f3080000)
  to   space 10560K, 0% used [0x00000000f3080000,0x00000000f3080000,0x00000000f3ad0000)
 ParOldGen       total 84288K, used 14232K [0x00000000c0000000, 0x00000000c5250000, 0x00000000eaab0000)
  object space 84288K, 16% used [0x00000000c0000000,0x00000000c0de62c0,0x00000000c5250000)
 PSPermGen       total 21440K, used 21369K [0x00000000b0000000, 0x00000000b14f0000, 0x00000000c0000000)
  object space 21440K, 99% used [0x00000000b0000000,0x00000000b14de708,0x00000000b14f0000)
Event: 31.385 GC heap after
Heap after GC invocations=10 (full 0):
 PSYoungGen      total 136512K, used 1024K [0x00000000eaab0000, 0x00000000f3bd0000, 0x0000000100000000)
  eden space 125952K, 0% used [0x00000000eaab0000,0x00000000eaab0000,0x00000000f25b0000)
  from space 10560K, 9% used [0x00000000f3080000,0x00000000f3180010,0x00000000f3ad0000)
  to   space 11072K, 0% used [0x00000000f25b0000,0x00000000f25b0000,0x00000000f3080000)
 ParOldGen       total 84288K, used 14872K [0x00000000c0000000, 0x00000000c5250000, 0x00000000eaab0000)
  object space 84288K, 17% used [0x00000000c0000000,0x00000000c0e862c0,0x00000000c5250000)
 PSPermGen       total 21440K, used 21369K [0x00000000b0000000, 0x00000000b14f0000, 0x00000000c0000000)
  object space 21440K, 99% used [0x00000000b0000000,0x00000000b14de708,0x00000000b14f0000)
}

